<?xml version="1.0" encoding="UTF-8"?>
<Site BuildName="Linux-g++"
	BuildStamp="20241114-0516-Experimental"
	Name="bugwriter"
	Generator="ctest-3.30.5"
	CompilerName="/usr/bin/g++"
	CompilerVersion="14.2.1"
	OSName="Linux"
	Hostname="bugwriter"
	OSRelease="6.11.6-200.fc40.x86_64"
	OSVersion="#1 SMP PREEMPT_DYNAMIC Fri Nov  1 16:09:34 UTC 2024"
	OSPlatform="x86_64"
	Is64Bits="1"
	VendorString="AuthenticAMD"
	VendorID="Advanced Micro Devices"
	FamilyID="25"
	ModelID="80"
	ProcessorCacheSize="512"
	NumberOfLogicalCPU="16"
	NumberOfPhysicalCPU="8"
	TotalVirtualMemory="8191"
	TotalPhysicalMemory="15378"
	LogicalProcessorsPerPhysical="2"
	ProcessorClockFrequency="2124.38"
	>
	<Testing>
		<StartDateTime>Nov 14 12:16 +07</StartDateTime>
		<StartTestTime>1731561368</StartTestTime>
		<TestList/>
		<EndDateTime>Nov 14 12:16 +07</EndDateTime>
		<EndTestTime>1731561368</EndTestTime>
		<ElapsedMinutes>0</ElapsedMinutes>
	</Testing>
</Site>
